2021-12-05 16:42:09 0 [Note] InnoDB: Mutexes and rw_locks use Windows interlocked functions
2021-12-05 16:42:09 0 [Note] InnoDB: Uses event mutexes
2021-12-05 16:42:09 0 [Note] InnoDB: Compressed tables use zlib 1.2.11
2021-12-05 16:42:09 0 [Note] InnoDB: Number of pools: 1
2021-12-05 16:42:09 0 [Note] InnoDB: Using SSE2 crc32 instructions
2021-12-05 16:42:09 0 [Note] InnoDB: Initializing buffer pool, total size = 16M, instances = 1, chunk size = 16M
2021-12-05 16:42:09 0 [Note] InnoDB: Completed initialization of buffer pool
2021-12-05 16:42:09 0 [Note] InnoDB: Starting crash recovery from checkpoint LSN=300288
2021-12-05 16:42:09 0 [Note] InnoDB: 128 out of 128 rollback segments are active.
2021-12-05 16:42:09 0 [Note] InnoDB: Removed temporary tablespace data file: "ibtmp1"
2021-12-05 16:42:09 0 [Note] InnoDB: Creating shared tablespace for temporary tables
2021-12-05 16:42:09 0 [Note] InnoDB: Setting file 'C:\xampp\mysql\data\ibtmp1' size to 12 MB. Physically writing the file full; Please wait ...
2021-12-05 16:42:09 0 [Note] InnoDB: File 'C:\xampp\mysql\data\ibtmp1' size is now 12 MB.
2021-12-05 16:42:09 0 [Note] InnoDB: Waiting for purge to start
2021-12-05 16:42:10 0 [Note] InnoDB: 10.4.22 started; log sequence number 300297; transaction id 170
2021-12-05 16:42:10 0 [Note] InnoDB: Loading buffer pool(s) from C:\xampp\mysql\data\ib_buffer_pool
2021-12-05 16:42:10 0 [Note] Plugin 'FEEDBACK' is disabled.
2021-12-05 16:42:10 0 [Note] Server socket created on IP: '::'.
2021-12-05 16:42:10 0 [Note] InnoDB: Buffer pool(s) load completed at 211205 16:42:10
2021-12-05 16:42:10 0 [Note] Reading of all Master_info entries succeeded
2021-12-05 16:42:10 0 [Note] Added new Master_info '' to hash table
2021-12-05 16:42:10 0 [Note] mysql\bin\mysqld.exe: ready for connections.
Version: '10.4.22-MariaDB'  socket: ''  port: 3306  mariadb.org binary distribution
2021-12-05 18:35:59 690 [Warning] Access denied for user ''@'localhost' (using password: NO)
2021-12-05 18:46:46 640 [Warning] Aborted connection 640 to db: 'prokofiev' user: 'root' host: 'localhost' (Got an error reading communication packets)
2021-12-14 14:20:23 0 [Note] mysqld.exe: Aria engine: starting recovery
recovered pages: 0% 26% 36% 57% 68% 90% 100% (0.0 seconds); tables to flush: 1 0
 (0.0 seconds); 
2021-12-14 14:20:23 0 [Note] mysqld.exe: Aria engine: recovery done
2021-12-14 14:20:23 0 [Note] InnoDB: Mutexes and rw_locks use Windows interlocked functions
2021-12-14 14:20:23 0 [Note] InnoDB: Uses event mutexes
2021-12-14 14:20:23 0 [Note] InnoDB: Compressed tables use zlib 1.2.11
2021-12-14 14:20:23 0 [Note] InnoDB: Number of pools: 1
2021-12-14 14:20:23 0 [Note] InnoDB: Using SSE2 crc32 instructions
2021-12-14 14:20:23 0 [Note] InnoDB: Initializing buffer pool, total size = 16M, instances = 1, chunk size = 16M
2021-12-14 14:20:23 0 [Note] InnoDB: Completed initialization of buffer pool
2021-12-14 14:20:23 0 [Note] InnoDB: Starting crash recovery from checkpoint LSN=1664225
2021-12-14 14:20:24 0 [Note] InnoDB: 128 out of 128 rollback segments are active.
2021-12-14 14:20:24 0 [Note] InnoDB: Removed temporary tablespace data file: "ibtmp1"
2021-12-14 14:20:24 0 [Note] InnoDB: Creating shared tablespace for temporary tables
2021-12-14 14:20:24 0 [Note] InnoDB: Setting file 'C:\xampp\mysql\data\ibtmp1' size to 12 MB. Physically writing the file full; Please wait ...
2021-12-14 14:20:24 0 [Note] InnoDB: File 'C:\xampp\mysql\data\ibtmp1' size is now 12 MB.
2021-12-14 14:20:24 0 [Note] InnoDB: Waiting for purge to start
2021-12-14 14:20:24 0 [Note] InnoDB: 10.4.22 started; log sequence number 1664234; transaction id 476
2021-12-14 14:20:24 0 [Note] Plugin 'FEEDBACK' is disabled.
2021-12-14 14:20:24 0 [Note] InnoDB: Loading buffer pool(s) from C:\xampp\mysql\data\ib_buffer_pool
2021-12-14 14:20:24 0 [Note] InnoDB: Buffer pool(s) load completed at 211214 14:20:24
2021-12-14 14:20:24 0 [Note] Server socket created on IP: '::'.
2021-12-15 19:27:27 0 [Note] InnoDB: Mutexes and rw_locks use Windows interlocked functions
2021-12-15 19:27:27 0 [Note] InnoDB: Uses event mutexes
2021-12-15 19:27:27 0 [Note] InnoDB: Compressed tables use zlib 1.2.11
2021-12-15 19:27:27 0 [Note] InnoDB: Number of pools: 1
2021-12-15 19:27:27 0 [Note] InnoDB: Using SSE2 crc32 instructions
2021-12-15 19:27:27 0 [Note] InnoDB: Initializing buffer pool, total size = 16M, instances = 1, chunk size = 16M
2021-12-15 19:27:27 0 [Note] InnoDB: Completed initialization of buffer pool
2021-12-15 19:27:27 0 [Note] InnoDB: Starting crash recovery from checkpoint LSN=1664851
2021-12-15 19:27:28 0 [Note] InnoDB: 128 out of 128 rollback segments are active.
2021-12-15 19:27:28 0 [Note] InnoDB: Removed temporary tablespace data file: "ibtmp1"
2021-12-15 19:27:28 0 [Note] InnoDB: Creating shared tablespace for temporary tables
2021-12-15 19:27:28 0 [Note] InnoDB: Setting file 'C:\xampp\mysql\data\ibtmp1' size to 12 MB. Physically writing the file full; Please wait ...
2021-12-15 19:27:28 0 [Note] InnoDB: File 'C:\xampp\mysql\data\ibtmp1' size is now 12 MB.
2021-12-15 19:27:28 0 [Note] InnoDB: Waiting for purge to start
2021-12-15 19:27:28 0 [Note] InnoDB: 10.4.22 started; log sequence number 1664860; transaction id 490
2021-12-15 19:27:28 0 [Note] InnoDB: Loading buffer pool(s) from C:\xampp\mysql\data\ib_buffer_pool
2021-12-15 19:27:28 0 [Note] Plugin 'FEEDBACK' is disabled.
2021-12-15 19:27:28 0 [Note] InnoDB: Buffer pool(s) load completed at 211215 19:27:28
2021-12-15 19:27:28 0 [Note] Server socket created on IP: '::'.
2021-12-16  9:55:53 0 [Note] InnoDB: Mutexes and rw_locks use Windows interlocked functions
2021-12-16  9:55:53 0 [Note] InnoDB: Uses event mutexes
2021-12-16  9:55:53 0 [Note] InnoDB: Compressed tables use zlib 1.2.11
2021-12-16  9:55:53 0 [Note] InnoDB: Number of pools: 1
2021-12-16  9:55:53 0 [Note] InnoDB: Using SSE2 crc32 instructions
2021-12-16  9:55:53 0 [Note] InnoDB: Initializing buffer pool, total size = 16M, instances = 1, chunk size = 16M
2021-12-16  9:55:53 0 [Note] InnoDB: Completed initialization of buffer pool
2021-12-16  9:55:53 0 [Note] InnoDB: Starting crash recovery from checkpoint LSN=2140089
2021-12-16  9:55:54 0 [Note] InnoDB: 128 out of 128 rollback segments are active.
2021-12-16  9:55:54 0 [Note] InnoDB: Removed temporary tablespace data file: "ibtmp1"
2021-12-16  9:55:54 0 [Note] InnoDB: Creating shared tablespace for temporary tables
2021-12-16  9:55:54 0 [Note] InnoDB: Setting file 'C:\xampp\mysql\data\ibtmp1' size to 12 MB. Physically writing the file full; Please wait ...
2021-12-16  9:55:54 0 [Note] InnoDB: File 'C:\xampp\mysql\data\ibtmp1' size is now 12 MB.
2021-12-16  9:55:54 0 [Note] InnoDB: Waiting for purge to start
2021-12-16  9:55:54 0 [Note] InnoDB: 10.4.22 started; log sequence number 2140098; transaction id 1160
2021-12-16  9:55:54 0 [Note] Plugin 'FEEDBACK' is disabled.
2021-12-16  9:55:54 0 [Note] InnoDB: Loading buffer pool(s) from C:\xampp\mysql\data\ib_buffer_pool
2021-12-16  9:55:54 0 [Note] InnoDB: Buffer pool(s) load completed at 211216  9:55:54
2021-12-16  9:55:54 0 [Note] Server socket created on IP: '::'.
